2024-09-23 09:08:57,121 - integracion.integracion.generate_c34_compra - INFO - Inicio de la generación de Cuaderno 34
2024-09-23 09:08:57,121 - integracion.integracion.generate_c34_compra - DEBUG - Procesando facturas específicas: ['ACC-PINV-2024-00438']
2024-09-23 09:08:57,155 - integracion.integracion.generate_c34_compra - DEBUG - Procesando factura ACC-PINV-2024-00438
2024-09-23 09:08:57,156 - integracion.integracion.generate_c34_compra - DEBUG - Factura ACC-PINV-2024-00438 agregada a la empresa Academia Técnica Universitaria SL
2024-09-23 09:08:57,170 - integracion.integracion.generate_c34_compra - DEBUG - Datos agregados para la factura ACC-PINV-2024-00438 del proveedor ALVARO SAYAGO RAMON
2024-09-23 09:08:57,322 - integracion.integracion.generate_c34_compra - INFO - Archivo Excel generado para Academia Técnica Universitaria SL: /home/frappe/frappe-bench/sites/erp.grupoatu.com/private/cuaderno/C34-ATUSL-20240923090857.xlsx
2024-09-23 09:08:57,322 - integracion.integracion.generate_c34_compra - INFO - Subiendo archivo /home/frappe/frappe-bench/sites/erp.grupoatu.com/private/cuaderno/C34-ATUSL-20240923090857.xlsx a SharePoint para la compañía Academia Técnica Universitaria SL con Cuaderno C34-ATUSL-20240923090857
2024-09-23 09:08:57,322 - integracion.integracion.generate_c34_compra - INFO - Ruta relativa calculada: Shared%20Documents/Contabilidad/Cuaderno34%20-%20Facturas%20de%20Compra
2024-09-23 09:08:57,322 - integracion.integracion.generate_c34_compra - INFO - Conectando al contexto del sitio: https://grupoatu365.sharepoint.com/sites/DepartamentodeAdministracin2-Contabilidad
2024-09-23 09:08:57,322 - integracion.integracion.generate_c34_compra - INFO - Comprobando existencia de carpeta en la ruta: /Shared%20Documents/Contabilidad/Cuaderno34%20-%20Facturas%20de%20Compra/Academia%20T%C3%A9cnica%20Universitaria%20SL
2024-09-23 09:08:58,600 - integracion.integracion.generate_c34_compra - INFO - Conectado a parent Cuaderno34 - Facturas de Compra
2024-09-23 09:08:59,212 - integracion.integracion.generate_c34_compra - INFO - Carpeta creada: /sites/DepartamentodeAdministracin2-Contabilidad/Shared Documents/Contabilidad/Cuaderno34 - Facturas de Compra/Academia Técnica Universitaria SL
2024-09-23 09:08:59,213 - integracion.integracion.generate_c34_compra - INFO - Comprobando existencia de carpeta en la ruta: /Shared%20Documents/Contabilidad/Cuaderno34%20-%20Facturas%20de%20Compra/Academia%20T%C3%A9cnica%20Universitaria%20SL/C34-ATUSL-20240923090857
2024-09-23 09:08:59,413 - integracion.integracion.generate_c34_compra - INFO - Conectado a parent Academia Técnica Universitaria SL
2024-09-23 09:08:59,888 - integracion.integracion.generate_c34_compra - INFO - Carpeta creada: /sites/DepartamentodeAdministracin2-Contabilidad/Shared Documents/Contabilidad/Cuaderno34 - Facturas de Compra/Academia Técnica Universitaria SL/C34-ATUSL-20240923090857
2024-09-23 09:08:59,889 - integracion.integracion.generate_c34_compra - INFO - Intentando subir archivo a: Shared%20Documents/Contabilidad/Cuaderno34%20-%20Facturas%20de%20Compra/Academia%20T%C3%A9cnica%20Universitaria%20SL/C34-ATUSL-20240923090857/C34-ATUSL-20240923090857.xlsx
2024-09-23 09:09:00,717 - integracion.integracion.generate_c34_compra - INFO - Archivo subido: Shared%20Documents/Contabilidad/Cuaderno34%20-%20Facturas%20de%20Compra/Academia%20T%C3%A9cnica%20Universitaria%20SL/C34-ATUSL-20240923090857/C34-ATUSL-20240923090857.xlsx
2024-09-23 09:09:00,718 - integracion.integracion.generate_c34_compra - DEBUG - Archivo subido a SharePoint: https://grupoatu365.sharepoint.com/sites/DepartamentodeAdministracin2-Contabilidad/Shared%20Documents/Contabilidad/Cuaderno34%20-%20Facturas%20de%20Compra/Academia%20T%C3%A9cnica%20Universitaria%20SL/C34-ATUSL-20240923090857/C34-ATUSL-20240923090857.xlsx
2024-09-23 09:09:00,756 - integracion.integracion.generate_c34_compra - INFO - Remesa doc name: None
2024-09-23 09:09:00,827 - integracion.integracion.generate_c34_compra - INFO - Remesa creada: REM-ATUSL-2024-09-23-0001 para la empresa Academia Técnica Universitaria SL
2024-09-23 09:09:00,877 - integracion.integracion.generate_c34_compra - DEBUG - Estado cambiado a 'Remesa Emitida' para la factura ACC-PINV-2024-00438
2024-09-23 09:09:00,877 - integracion.integracion.generate_c34_compra - INFO - Archivo local /home/frappe/frappe-bench/sites/erp.grupoatu.com/private/cuaderno/C34-ATUSL-20240923090857.xlsx eliminado después de subirlo a SharePoint
