2024-09-30 06:44:55,696 - integracion.integracion.subir_nominas - ERROR - 12439113T LUCIA JIMENEZ ARRANZ - No se encontró cuenta para el empleado
2024-09-30 06:44:55,760 - integracion.integracion.subir_nominas - ERROR - 71304608P SONIA RODRIGUEZ CUBILLO - No se encontró cuenta para el empleado
2024-09-30 07:09:21,815 - integracion.integracion.subir_nominas - ERROR - 12439113T LUCIA JIMENEZ ARRANZ - No se encontró cuenta para el empleado
2024-09-30 07:17:49,903 - integracion.integracion.subir_nominas - ERROR - 44452119L JOSE ESTEVEZ PRIETO - No se encontró cuenta para el empleado
2024-09-30 08:31:18,816 - integracion.integracion.subir_nominas - ERROR - 44452119L JOSE ESTEVEZ PRIETO - No se encontró cuenta para el empleado
2024-09-30 08:37:52,684 - integracion.integracion.subir_nominas - ERROR - 44452119L JOSE ESTEVEZ PRIETO - No se encontró cuenta hija para empresa 465
2024-09-30 08:48:58,341 - integracion.integracion.subir_nominas - ERROR - 44452119L JOSE ESTEVEZ PRIETO - No se encontró cuenta hija para empresa 465
2024-09-30 08:50:50,937 - integracion.integracion.subir_nominas - ERROR - 44452119L JOSE ESTEVEZ PRIETO - No se encontró cuenta hija para empresa 642
2024-09-30 09:08:12,693 - integracion.integracion.subir_nominas - ERROR - 11945801S  - Empleado no encontrado
2024-09-30 10:09:32,119 - integracion.integracion.subir_nominas - ERROR - 09741514W MARIA DOLORES ARRIMADA GONZALEZ  - No se encontró cuenta para el empleado
2024-09-30 10:09:32,764 - integracion.integracion.subir_nominas - ERROR - 53028040E Montserrat Marti Salas - No se encontró cuenta para el empleado
2024-09-30 10:09:33,106 - integracion.integracion.subir_nominas - ERROR - 71286605Z Cintia Moreno Mayoral - No se encontró cuenta para el empleado
2024-09-30 10:09:33,147 - integracion.integracion.subir_nominas - ERROR - 50993793X JOAQUIN JESUS MADRONA MORENO - No se encontró cuenta para el empleado
2024-09-30 10:09:33,189 - integracion.integracion.subir_nominas - ERROR - 24500706W ELENA JURADO GUINDOS - No se encontró cuenta para el empleado
2024-09-30 10:09:33,242 - integracion.integracion.subir_nominas - ERROR - Z0651920J JOSE GUSTAVO ROSAS COLLADO - No se encontró cuenta para el empleado
2024-09-30 10:09:33,282 - integracion.integracion.subir_nominas - ERROR - 34851585F ESTRELLA GUIRADO MARTINEZ - No se encontró cuenta para el empleado
2024-09-30 10:09:33,332 - integracion.integracion.subir_nominas - ERROR - 39736285J María Mateu Pérez - No se encontró cuenta para el empleado
2024-09-30 10:09:33,382 - integracion.integracion.subir_nominas - ERROR - 71291174Y OLALLA SAIZ VAZQUEZ - No se encontró cuenta para el empleado
2024-09-30 10:09:33,386 - integracion.integracion.subir_nominas - ERROR - 07248190Q  - Empleado no encontrado
2024-09-30 10:09:33,427 - integracion.integracion.subir_nominas - ERROR - 71768982N LAURA MARTINEZ GONZALEZ - No se encontró cuenta para el empleado
2024-09-30 10:09:33,472 - integracion.integracion.subir_nominas - ERROR - 28771061Q FRANCISCO JAVIER LOPEZ GIL - No se encontró cuenta para el empleado
2024-09-30 10:09:33,975 - integracion.integracion.subir_nominas - ERROR - 48655231L ANTONIO MONTOYA VIDAL - No se encontró cuenta para el empleado
2024-09-30 10:09:34,125 - integracion.integracion.subir_nominas - ERROR - 9807564L  - Empleado no encontrado
2024-09-30 10:09:34,260 - integracion.integracion.subir_nominas - ERROR - 52404932F  - Empleado no encontrado
2024-09-30 10:09:34,544 - integracion.integracion.subir_nominas - ERROR - 45574367M  - Empleado no encontrado
2024-09-30 10:09:34,685 - integracion.integracion.subir_nominas - ERROR - 46233165Z  - Empleado no encontrado
2024-09-30 12:16:46,067 - integracion.integracion.subir_nominas - ERROR - 7985408S MARINA MARTIN  DE LA CRUZ - No se encontró cuenta para el empleado
2024-09-30 12:16:46,111 - integracion.integracion.subir_nominas - ERROR - 71752613L NATALIA SKORÑAKOVA MATKOVSKA - No se encontró cuenta para el empleado
2024-09-30 12:16:46,313 - integracion.integracion.subir_nominas - ERROR - 9813189D Patricia Suárez Rodríguez - No se encontró cuenta para el empleado
2024-09-30 12:16:46,387 - integracion.integracion.subir_nominas - ERROR - 71265423S MONICA GONZALEZ MOLINOS - No se encontró cuenta para el empleado
2024-09-30 12:16:46,449 - integracion.integracion.subir_nominas - ERROR - 13126305K ANA MARIA ALONSO MORQUILLAS - No se encontró cuenta para el empleado
2024-09-30 12:16:46,848 - integracion.integracion.subir_nominas - ERROR - 71425965V ALBERTO LOPEZ ALVAREZ - No se encontró cuenta para el empleado
2024-09-30 12:16:46,892 - integracion.integracion.subir_nominas - ERROR - 13162232E Roberto Calvo Simal - No se encontró cuenta para el empleado
2024-09-30 12:16:46,942 - integracion.integracion.subir_nominas - ERROR - 71707453P Orlando Damián Giménez Samudio - No se encontró cuenta para el empleado
2024-09-30 12:16:46,997 - integracion.integracion.subir_nominas - ERROR - 13159658R MARIA YOLANDA VAZQUEZ ROMERO - No se encontró cuenta para el empleado
2024-09-30 12:16:47,049 - integracion.integracion.subir_nominas - ERROR - 71566810X Maximo Rondon Aguirre - No se encontró cuenta para el empleado
2024-09-30 12:16:47,094 - integracion.integracion.subir_nominas - ERROR - 75021634G ROSA MARTINEZ PEREZ - No se encontró cuenta para el empleado
2024-09-30 12:16:47,141 - integracion.integracion.subir_nominas - ERROR - 53019602W Raquel  GARCÍA CARBONELL - No se encontró cuenta para el empleado
2024-09-30 12:16:47,186 - integracion.integracion.subir_nominas - ERROR - 70876064T Maria Vanesa  GARCÍA BORDALLO - No se encontró cuenta para el empleado
2024-09-30 12:16:47,229 - integracion.integracion.subir_nominas - ERROR - 34834245D Maria del Amor Alcantara Sanchez - No se encontró cuenta para el empleado
2024-10-01 08:29:41,340 - integracion.integracion.subir_nominas - ERROR - 71768982N LAURA MARTINEZ GONZALEZ - Row 4: Account 46020000 - OTRAS DEDUCCIONES - GAF and Party Type Employee have different account types
2024-10-01 09:30:35,741 - integracion.integracion.subir_nominas - ERROR - Y0575088X KHALID SLIMANI  - No se encontró cuenta para el empleado
2024-10-01 09:30:35,827 - integracion.integracion.subir_nominas - ERROR - 45580518S MARIA CARMEN CID PEREZ - No se encontró cuenta para el empleado
2024-10-01 09:30:36,567 - integracion.integracion.subir_nominas - ERROR - 72077021N REBECA GARCIA DELGADO - No se encontró cuenta para el empleado
2024-10-01 09:30:36,635 - integracion.integracion.subir_nominas - ERROR - 55195615P ErikaViviana Merchan Merchan - No se encontró cuenta para el empleado
2024-10-01 09:30:36,744 - integracion.integracion.subir_nominas - ERROR - 23036010S ANA VANESA CORTADO LOPEZ - No se encontró cuenta para el empleado
2024-10-01 09:30:36,813 - integracion.integracion.subir_nominas - ERROR - 71268051K NOELIA BORGE CASTRO - No se encontró cuenta para el empleado
2024-10-01 09:30:36,876 - integracion.integracion.subir_nominas - ERROR - 73447517F Guadalupe Poveda Aguirre - No se encontró cuenta para el empleado
2024-10-01 09:30:36,945 - integracion.integracion.subir_nominas - ERROR - 71561993T EVA GONZALEZ FREILE - No se encontró cuenta para el empleado
2024-10-01 09:30:36,991 - integracion.integracion.subir_nominas - ERROR - 77630701C María Rosa Rafat Acero - No se encontró cuenta para el empleado
2024-10-01 09:30:37,609 - integracion.integracion.subir_nominas - ERROR - Z0872828Y  - Empleado no encontrado
2024-10-01 09:30:37,613 - integracion.integracion.subir_nominas - ERROR - 60313829D  - Empleado no encontrado
2024-10-01 09:30:37,617 - integracion.integracion.subir_nominas - ERROR - 28888641C  - Empleado no encontrado
2024-10-01 09:30:37,621 - integracion.integracion.subir_nominas - ERROR - 71968724E  - Empleado no encontrado
2024-10-01 09:30:37,626 - integracion.integracion.subir_nominas - ERROR - 71283540P  - Empleado no encontrado
2024-10-01 09:30:37,630 - integracion.integracion.subir_nominas - ERROR - Y9441391C  - Empleado no encontrado
2024-10-01 09:30:37,633 - integracion.integracion.subir_nominas - ERROR - Y9928362N  - Empleado no encontrado
2024-10-01 09:30:38,179 - integracion.integracion.subir_nominas - ERROR - 71290277Y  - Empleado no encontrado
2024-10-02 13:03:51,612 - integracion.integracion.subir_nominas - ERROR - 51454140N PATRICIA PASCUAL TOME - No se encontró cuenta para el empleado
2024-10-02 13:03:53,601 - integracion.integracion.subir_nominas - ERROR - 02551960H Daniel Maján Arias - No se encontró cuenta para el empleado
2024-10-02 13:03:53,646 - integracion.integracion.subir_nominas - ERROR - 80080826R FRANCISCO RAFAEL PÉREZ VERA - No se encontró cuenta para el empleado
2024-10-02 13:03:53,827 - integracion.integracion.subir_nominas - ERROR - 48506126T MARIA MARTINEZ ZARAGOZA - No se encontró cuenta para el empleado
2024-10-02 13:03:53,867 - integracion.integracion.subir_nominas - ERROR - 34789521C JORGE JUAN MENGUAL RUEDA - No se encontró cuenta para el empleado
2024-10-02 13:03:53,917 - integracion.integracion.subir_nominas - ERROR - 71709324Q Alba Gonzalez Arenas - No se encontró cuenta para el empleado
2024-10-02 13:03:54,651 - integracion.integracion.subir_nominas - ERROR - 09413112V  - Empleado no encontrado
2024-10-08 11:18:04,338 - integracion.integracion.subir_nominas - ERROR - 07988811Z José Luis Blanco Ramírez - No se encontró cuenta para el empleado
2024-10-08 11:18:04,421 - integracion.integracion.subir_nominas - ERROR - 07985565B Luis Miguel  HIERRO GARCIA - No se encontró cuenta para el empleado
2024-10-08 11:18:04,485 - integracion.integracion.subir_nominas - ERROR - 51080442H JORGE SANCHEZ RUBIO GARCIA - No se encontró cuenta para el empleado
2024-10-09 07:20:40,785 - integracion.integracion.subir_nominas - ERROR - 13166700M MARIA SAÑUDO ARCE - No se encontró cuenta hija para empresa 460
2024-10-09 07:20:41,055 - integracion.integracion.subir_nominas - ERROR - 71304992R MARIA ELENA GARCIA GIL - No se encontró cuenta hija para empresa 460
2024-10-09 07:20:45,160 - integracion.integracion.subir_nominas - ERROR - 74908549X Francisca Ortiz González - No se encontró cuenta para el empleado
2024-10-09 07:20:45,205 - integracion.integracion.subir_nominas - ERROR - 77563455A FRANCISCO JOSE LUCAS ROBLES - No se encontró cuenta para el empleado
2024-10-09 07:20:45,258 - integracion.integracion.subir_nominas - ERROR - 45574898F Natalia García Camarero - No se encontró cuenta para el empleado
2024-10-09 07:20:45,312 - integracion.integracion.subir_nominas - ERROR - 39736285J María Mateu Pérez - No se encontró cuenta para el empleado
2024-10-09 07:20:45,359 - integracion.integracion.subir_nominas - ERROR - 48916885W JESUS ANGEL CORREA ROMERO - No se encontró cuenta para el empleado
2024-10-09 07:20:45,574 - integracion.integracion.subir_nominas - ERROR - Y9251086V María Alejandra Pazos Bonifaz - No se encontró cuenta para el empleado
2024-10-09 07:20:45,580 - integracion.integracion.subir_nominas - ERROR - 8872098D  - Empleado no encontrado
2024-10-09 07:20:45,637 - integracion.integracion.subir_nominas - ERROR - 70888483E MARIA TERESA GARCIA VICENTE - No se encontró cuenta para el empleado
2024-10-09 07:20:45,694 - integracion.integracion.subir_nominas - ERROR - 39462171J COVADONGA GARCIA GONZALEZ - No se encontró cuenta para el empleado
2024-10-09 07:20:45,743 - integracion.integracion.subir_nominas - ERROR - 34796024Z SANDRA DE LA PUENTE VAZQUEZ - No se encontró cuenta para el empleado
2024-10-09 07:20:45,791 - integracion.integracion.subir_nominas - ERROR - 78569154G Adaya Castro Martin - No se encontró cuenta para el empleado
2024-10-09 07:20:45,835 - integracion.integracion.subir_nominas - ERROR - 71768982N LAURA MARTINEZ GONZALEZ - No se encontró cuenta para el empleado
2024-10-09 07:20:46,155 - integracion.integracion.subir_nominas - ERROR - 71121985M MARTA PARDO COSSIO - No se encontró cuenta para el empleado
2024-10-09 07:20:46,197 - integracion.integracion.subir_nominas - ERROR - 12391014V SARA MARIA MILA MADRUGA MANCEÑIDO - No se encontró cuenta para el empleado
2024-10-09 07:20:46,240 - integracion.integracion.subir_nominas - ERROR - 5919506L MARIA DOLORES RIVERO SEGURA - No se encontró cuenta para el empleado
2024-10-09 07:20:47,171 - integracion.integracion.subir_nominas - ERROR - 48441068D CARLOS SALAVERT TORRES - No se encontró cuenta para el empleado
2024-10-09 07:20:47,227 - integracion.integracion.subir_nominas - ERROR - 71149270N CARLOS ALBERTO RODRIGUEZ HERNANDEZ - No se encontró cuenta para el empleado
2024-10-09 07:20:47,294 - integracion.integracion.subir_nominas - ERROR - 72899319Z LINA MARIA BUITRAGO BUSTOS - No se encontró cuenta para el empleado
2024-10-09 07:20:47,359 - integracion.integracion.subir_nominas - ERROR - 71291174Y OLALLA SAIZ VAZQUEZ - No se encontró cuenta para el empleado
2024-10-09 07:20:47,422 - integracion.integracion.subir_nominas - ERROR - 41541449E ANDREA ZANOGUERA CASTRO - No se encontró cuenta para el empleado
2024-10-09 07:20:47,470 - integracion.integracion.subir_nominas - ERROR - 12421022X Begoña Perez Gonzalez - No se encontró cuenta para el empleado
2024-10-09 07:20:47,519 - integracion.integracion.subir_nominas - ERROR - 4600192P PEDRO PABLO BASCUÑANA CONTRERAS - No se encontró cuenta para el empleado
2024-10-09 07:20:47,571 - integracion.integracion.subir_nominas - ERROR - 71125820E OSCAR GONZALEZ NUÑEZ - No se encontró cuenta para el empleado
2024-10-09 07:20:47,613 - integracion.integracion.subir_nominas - ERROR - 28796283F Sara Sanz Rodríguez - No se encontró cuenta para el empleado
2024-10-09 07:20:47,658 - integracion.integracion.subir_nominas - ERROR - 7961850D RUTH HERRERO SANCHEZ - No se encontró cuenta para el empleado
